<?xml version="1.0" encoding="UTF-8"?>
<testng-results ignored="0" total="1" passed="1" failed="0" skipped="0">
  <reporter-output>
    <line>
      <![CDATA[CustomerModuel2]]>
    </line>
  </reporter-output>
  <suite started-at="2024-01-20T10:45:16 IST" name="Default suite" finished-at="2024-01-20T10:45:16 IST" duration-ms="55">
    <groups>
    </groups>
    <test started-at="2024-01-20T10:45:16 IST" name="Default test" finished-at="2024-01-20T10:45:16 IST" duration-ms="55">
      <class name="com.maven2.CustomerModuel2">
        <test-method signature="CustomerModuel2()[pri:0, instance:com.maven2.CustomerModuel2@53ce1329]" started-at="2024-01-20T10:45:16 IST" name="CustomerModuel2" finished-at="2024-01-20T10:45:16 IST" duration-ms="7" status="PASS">
          <reporter-output>
            <line>
              <![CDATA[CustomerModuel2]]>
            </line>
          </reporter-output>
        </test-method> <!-- CustomerModuel2 -->
      </class> <!-- com.maven2.CustomerModuel2 -->
    </test> <!-- Default test -->
  </suite> <!-- Default suite -->
</testng-results>
